<?xml version="1.0" encoding="UTF-8" ?>
<testsuite failures="0" time="2.35" errors="0" skipped="0" tests="1" name="com.extr.file.util.FileUploadTest">
  <properties>
    <property name="java.vendor" value="IBM Corporation"/>
    <property name="sun.java.launcher" value="SUN_STANDARD"/>
    <property name="os.name" value="Windows 7"/>
    <property name="sun.boot.class.path" value="C:\Software_Personal\sdk7\jre\bin\default\jclSC170\vm.jar;C:\Software_Personal\sdk7\jre\lib\se-service.jar;C:\Software_Personal\sdk7\jre\lib\math.jar;C:\Software_Personal\sdk7\jre\lib\jlm.jar;C:\Software_Personal\sdk7\jre\lib\ibmorb.jar;C:\Software_Personal\sdk7\jre\lib\ibmorbapi.jar;C:\Software_Personal\sdk7\jre\lib\ibmcfw.jar;C:\Software_Personal\sdk7\jre\lib\ibmpkcs.jar;C:\Software_Personal\sdk7\jre\lib\ibmcertpathfw.jar;C:\Software_Personal\sdk7\jre\lib\ibmjgssfw.jar;C:\Software_Personal\sdk7\jre\lib\ibmjssefw.jar;C:\Software_Personal\sdk7\jre\lib\ibmsaslfw.jar;C:\Software_Personal\sdk7\jre\lib\ibmjcefw.jar;C:\Software_Personal\sdk7\jre\lib\ibmjgssprovider.jar;C:\Software_Personal\sdk7\jre\lib\ibmjsseprovider2.jar;C:\Software_Personal\sdk7\jre\lib\ibmcertpathprovider.jar;C:\Software_Personal\sdk7\jre\lib\xmldsigfw.jar;C:\Software_Personal\sdk7\jre\lib\xml.jar;C:\Software_Personal\sdk7\jre\lib\charsets.jar;C:\Software_Personal\sdk7\jre\lib\resources.jar;C:\Software_Personal\sdk7\jre\lib\rt.jar;C:\Software_Personal\sdk7\jre\lib\ibmgpu.jar"/>
    <property name="sun.desktop" value="windows"/>
    <property name="java.vm.specification.vendor" value="Sun Microsystems Inc."/>
    <property name="java.runtime.version" value="pwi3270sr8-20141026_01 (SR8)"/>
    <property name="user.name" value="rancho"/>
    <property name="java.compiler" value="j9jit26"/>
    <property name="os.encoding" value="UTF8"/>
    <property name="guice.disable.misplaced.annotation.check" value="true"/>
    <property name="com.ibm.util.extralibs.properties" value=""/>
    <property name="com.ibm.jcl.checkClassPath" value=""/>
    <property name="user.language" value="en"/>
    <property name="com.ibm.oti.vm.bootstrap.library.path" value="C:\Software_Personal\sdk7\jre\bin\default;C:\Software_Personal\sdk7\jre\bin"/>
    <property name="sun.boot.library.path" value="C:\Software_Personal\sdk7\jre\bin\default;C:\Software_Personal\sdk7\jre\bin"/>
    <property name="classworlds.conf" value="C:\workspace\.metadata\.plugins\org.eclipse.m2e.launching\launches\m2conf3785314959061523642.tmp"/>
    <property name="java.version" value="1.7.0"/>
    <property name="user.timezone" value="Asia/Shanghai"/>
    <property name="com.ibm.system.agent.path" value="C:\Software_Personal\sdk7\jre\bin"/>
    <property name="sun.arch.data.model" value="32"/>
    <property name="com.ibm.zero.version" value="2"/>
    <property name="java.endorsed.dirs" value="C:\Software_Personal\sdk7\jre\lib\endorsed"/>
    <property name="com.ibm.oti.vm.library.version" value="26"/>
    <property name="sun.jnu.encoding" value="Cp1252"/>
    <property name="file.encoding.pkg" value="sun.io"/>
    <property name="jxe.current.romimage.version" value="17"/>
    <property name="file.separator" value="\"/>
    <property name="java.specification.name" value="Java Platform API Specification"/>
    <property name="java.class.version" value="51.0"/>
    <property name="org.slf4j.simpleLogger.defaultLogLevel" value="info"/>
    <property name="user.country" value="US"/>
    <property name="java.home" value="C:\Software_Personal\sdk7\jre"/>
    <property name="java.vm.info" value="JRE 1.7.0 Windows 7 x86-32 20141013_217026 (JIT enabled, AOT enabled)
J9VM - R26_Java726_SR8_20141013_1240_B217026
JIT  - r11_20141003_74578
GC   - R26_Java726_SR8_20141013_1240_B217026
J9CL - 20141013_217026"/>
    <property name="os.version" value="6.1"/>
    <property name="path.separator" value=";"/>
    <property name="java.vm.version" value="2.6"/>
    <property name="user.variant" value=""/>
    <property name="java.awt.printerjob" value="sun.awt.windows.WPrinterJob"/>
    <property name="sun.io.unicode.encoding" value="UnicodeLittle"/>
    <property name="awt.toolkit" value="sun.awt.windows.WToolkit"/>
    <property name="ibm.signalhandling.sigint" value="true"/>
    <property name="user.home" value="C:\Users\IBM_ADMIN"/>
    <property name="com.ibm.cpu.endian" value="little"/>
    <property name="java.specification.vendor" value="Sun Microsystems Inc."/>
    <property name="ibm.signalhandling.sigchain" value="true"/>
    <property name="java.library.path" value="C:\Software_Personal\sdk7\jre\bin\default;C:\Software_Personal\sdk7\jre\bin;C:\windows\SysWOW64;C:\windows;C:/Program Files (x86)/Java/jre1.8.0_60/bin/client;C:/Program Files (x86)/Java/jre1.8.0_60/bin;C:/Program Files (x86)/Java/jre1.8.0_60/lib/i386;C:\ProgramData\Oracle\Java\javapath;C:\Program Files (x86)\IBM\WebSphere MQ\Java\lib;C:\Program Files (x86)\IBM\WebSphere MQ\Java\lib64;C:\windows\system32;C:\windows;C:\windows\system32\wbem;C:\windows\system32\windowspowershell\v1.0\;c:\program files\ibm\infoprint select;c:\program files\intel\wifi\bin\;c:\program files\common files\intel\wirelesscommon\;c:\program files (x86)\ibm\gsk8\lib;c:\program files\ibm\gsk8\lib64;C:\Program Files (x86)\IBM\WebSphere MQ\bin64;C:\Program Files (x86)\IBM\WebSphere MQ\bin;C:\PROGRA~1\IBM\SQLLIB\BIN;C:\PROGRA~1\IBM\SQLLIB\FUNCTION;C:\PROGRA~1\IBM\SQLLIB\SAMPLES\REPL;C:\Program Files (x86)\Microsoft SQL Server\100\Tools\Binn\;C:\Program Files\Microsoft SQL Server\100\Tools\Binn\;C:\Program Files\Microsoft SQL Server\100\DTS\Binn\;C:\Software_Personal\sdk7\bin;C:\Program Files\Intel\WiFi\bin\;C:\Program Files\Common Files\Intel\WirelessCommon\;C:\eclipse;;."/>
    <property name="java.vendor.url" value="http://www.ibm.com/"/>
    <property name="java.vm.vendor" value="IBM Corporation"/>
    <property name="java.fullversion" value="JRE 1.7.0 IBM J9 2.6 Windows 7 x86-32 20141013_217026 (JIT enabled, AOT enabled)
J9VM - R26_Java726_SR8_20141013_1240_B217026
JIT  - r11_20141003_74578
GC   - R26_Java726_SR8_20141013_1240_B217026
J9CL - 20141013_217026"/>
    <property name="maven.home" value="C:\workspace\extronline\EMBEDDED"/>
    <property name="java.runtime.name" value="Java(TM) SE Runtime Environment"/>
    <property name="sun.java.command" value="org.codehaus.plexus.classworlds.launcher.Launcher -B install"/>
    <property name="java.class.path" value="/C:/eclipse/plugins/org.eclipse.m2e.maven.runtime_1.5.0.20140605-2032/jars/plexus-classworlds-2.5.1.jar"/>
    <property name="java.vm.specification.name" value="Java Virtual Machine Specification"/>
    <property name="java.vm.specification.version" value="1.0"/>
    <property name="sun.cpu.endian" value="little"/>
    <property name="java.io.tmpdir" value="C:\Users\IBM_AD~1\AppData\Local\Temp\"/>
    <property name="ibm.system.encoding" value="Cp1252"/>
    <property name="os.arch" value="x86"/>
    <property name="java.awt.graphicsenv" value="sun.awt.Win32GraphicsEnvironment"/>
    <property name="ibm.signalhandling.rs" value="false"/>
    <property name="java.ext.dirs" value="C:\Software_Personal\sdk7\jre\lib\ext"/>
    <property name="user.dir" value="C:\workspace\extronline"/>
    <property name="line.separator" value="
"/>
    <property name="java.vm.name" value="IBM J9 VM"/>
    <property name="com.ibm.oti.shared.enabled" value="false"/>
    <property name="com.ibm.vm.bitmode" value="32"/>
    <property name="jxe.lowest.romimage.version" value="17"/>
    <property name="file.encoding" value="UTF-8"/>
    <property name="com.ibm.oti.configuration" value="scar"/>
    <property name="java.specification.version" value="1.7"/>
    <property name="com.ibm.oti.jcl.build" value="20141013_217026"/>
  </properties>
  <testcase time="2.35" classname="com.extr.file.util.FileUploadTest" name="uploadExcelTest"/>
</testsuite>